<!--

   $Id: junit.xml,v 1.2 2002/05/12 19:51:09 pascal Exp $
   $Log: junit.xml,v $
   Revision 1.2  2002/05/12 19:51:09  pascal
   requirements list automated documentation (fop): stable version

   Revision 1.1  2002/05/09 16:06:58  pascal
   requirements list in XML format. The build script contains a target for generating PDF and PS documentation

   $Author: pascal $

   This file belongs to the 'Project Architect' and is released under the GNU General Public License (GPL)

   Copyright (C) Pascal Munerot

-->

<requirement name="Junit">
  <license-type>GPL</license-type>
  <description>Java based test system</description>
  <download>http://www.junit.org</download>
  <min-version>3.7</min-version>
  <build-depend>The Project test cases. Can be used to automate unitary and non regression tests both for the framework and for the application.</build-depend>
  <application-depend>None</application-depend>
  <configure-command/>
</requirement>
